<?xml version="1.0" encoding="UTF-8"?>
<!-- Generated by org.testng.reporters.JUnitXMLReporter -->
<testsuite ignored="0" hostname="DESKTOP-RO120CU" failures="0" tests="5" name="Default test" time="27.831" errors="0" timestamp="2023-12-06T23:32:35 GMT-08:00">
  <testcase classname="testNGAnnotation_Flags.ActiTimeDataProviderFlag" name="invalidLoginMethod" time="6.905"/>
  <testcase classname="testNGAnnotation_Flags.ActiTimeDataProviderFlag" name="invalidLoginMethod" time="4.717"/>
  <testcase classname="testNGAnnotation_Flags.ActiTimeDataProviderFlag" name="invalidLoginMethod" time="6.497"/>
  <testcase classname="testNGAnnotation_Flags.ActiTimeDataProviderFlag" name="invalidLoginMethod" time="4.999"/>
  <testcase classname="testNGAnnotation_Flags.ActiTimeDataProviderFlag" name="invalidLoginMethod" time="4.539"/>
</testsuite> <!-- Default test -->
