<?xml version="1.0" encoding="UTF-8"?>
<!-- Generated by org.testng.reporters.JUnitXMLReporter -->
<testsuite ignored="0" hostname="DESKTOP-RO120CU" failures="0" tests="18" name="Test" time="0.362" errors="0" timestamp="2023-12-03T23:06:29 GMT-08:00">
  <testcase classname="testNGAnnotation_Flags.DependsOnMethodFlag6" name="ft1" time="0.012"/>
  <testcase classname="testNGAnnotation_Flags.DependsOnMethodFlag6" name="ft2" time="0.011"/>
  <testcase classname="testNGAnnotation_Flags.DependsOnMethodFlag6" name="ft3" time="0.012"/>
  <testcase classname="testNGAnnotation_Flags.DependsOnMethodFlag6" name="ft4" time="0.015"/>
  <testcase classname="testNGAnnotation_Flags.DependsOnMethodFlag6" name="ft5" time="0.011"/>
  <testcase classname="testNGAnnotation_Flags.DependsOnMethodFlag6" name="ft6" time="0.005"/>
  <testcase classname="testNGAnnotation_Flags.DependsOnMethodFlag6" name="it1" time="0.002"/>
  <testcase classname="testNGAnnotation_Flags.DependsOnMethodFlag6" name="it2" time="0.005"/>
  <testcase classname="testNGAnnotation_Flags.DependsOnMethodFlag6" name="it3" time="0.005"/>
  <testcase classname="testNGAnnotation_Flags.DependsOnMethodFlag6" name="it4" time="0.004"/>
  <testcase classname="testNGAnnotation_Flags.DependsOnMethodFlag6" name="it5" time="0.002"/>
  <testcase classname="testNGAnnotation_Flags.DependsOnMethodFlag6" name="it6" time="0.003"/>
  <testcase classname="testNGAnnotation_Flags.DependsOnMethodFlag6" name="st1" time="0.004"/>
  <testcase classname="testNGAnnotation_Flags.DependsOnMethodFlag6" name="st2" time="0.004"/>
  <testcase classname="testNGAnnotation_Flags.DependsOnMethodFlag6" name="st3" time="0.005"/>
  <testcase classname="testNGAnnotation_Flags.DependsOnMethodFlag6" name="st4" time="0.003"/>
  <testcase classname="testNGAnnotation_Flags.DependsOnMethodFlag6" name="st5" time="0.005"/>
  <testcase classname="testNGAnnotation_Flags.DependsOnMethodFlag6" name="st6" time="0.003"/>
</testsuite> <!-- Test -->
