# JRE version: OpenJDK Runtime Environment Temurin-17.0.7+7 (17.0.7+7) (build 17.0.7+7)
# Java VM: OpenJDK 64-Bit Server VM Temurin-17.0.7+7 (17.0.7+7, mixed mode, tiered, compressed oops, compressed class ptrs, g1 gc, windows-amd64)
GC Precious Log:
 CPUs: 4 total, 4 available
 Memory: 3470M
 Large Page Support: Disabled
 NUMA Support: Disabled
 Compressed Oops: Enabled (32-bit)
 Heap Region Size: 1M
 Heap Min Capacity: 8M
 Heap Initial Capacity: 56M
 Heap Max Capacity: 868M
 Pre-touch: Disabled
 Parallel Workers: 4
 Concurrent Workers: 1
 Concurrent Refinement Workers: 4
 Periodic GC: Disabled
Heap:
 garbage-first heap   total 37888K, used 17748K [0x00000000c9c00000, 0x0000000100000000)
  region size 1024K, 6 young (6144K), 1 survivors (1024K)
 Metaspace       used 34883K, committed 35200K, reserved 1114112K
  class space    used 3880K, committed 4032K, reserved 1048576K
GC Heap History (20 events):
Event: 1.872 GC heap before
{Heap before GC invocations=1 (full 0):
 garbage-first heap   total 57344K, used 13632K [0x00000000c9c00000, 0x0000000100000000)
  region size 1024K, 9 young (9216K), 2 survivors (2048K)
 Metaspace       used 14398K, committed 14592K, reserved 1114112K
  class space    used 1400K, committed 1472K, reserved 1048576K
}
Event: 1.879 GC heap after
{Heap after GC invocations=2 (full 0):
 garbage-first heap   total 57344K, used 7192K [0x00000000c9c00000, 0x0000000100000000)
  region size 1024K, 1 young (1024K), 1 survivors (1024K)
 Metaspace       used 14398K, committed 14592K, reserved 1114112K
  class space    used 1400K, committed 1472K, reserved 1048576K
}
Event: 4.320 GC heap before
{Heap before GC invocations=2 (full 0):
 garbage-first heap   total 57344K, used 25624K [0x00000000c9c00000, 0x0000000100000000)
  region size 1024K, 19 young (19456K), 1 survivors (1024K)
 Metaspace       used 20428K, committed 20736K, reserved 1114112K
  class space    used 2149K, committed 2304K, reserved 1048576K
}
Event: 4.329 GC heap after
{Heap after GC invocations=3 (full 0):
 garbage-first heap   total 57344K, used 9031K [0x00000000c9c00000, 0x0000000100000000)
  region size 1024K, 3 young (3072K), 3 survivors (3072K)
 Metaspace       used 20428K, committed 20736K, reserved 1114112K
  class space    used 2149K, committed 2304K, reserved 1048576K
}
Event: 4.395 GC heap before
{Heap before GC invocations=3 (full 0):
 garbage-first heap   total 57344K, used 12103K [0x00000000c9c00000, 0x0000000100000000)
  region size 1024K, 7 young (7168K), 3 survivors (3072K)
 Metaspace       used 21223K, committed 21504K, reserved 1114112K
  class space    used 2233K, committed 2368K, reserved 1048576K
}
Event: 4.403 GC heap after
{Heap after GC invocations=4 (full 0):
 garbage-first heap   total 57344K, used 9678K [0x00000000c9c00000, 0x0000000100000000)
  region size 1024K, 3 young (3072K), 3 survivors (3072K)
 Metaspace       used 21223K, committed 21504K, reserved 1114112K
  class space    used 2233K, committed 2368K, reserved 1048576K
}
Event: 9.616 GC heap before
{Heap before GC invocations=5 (full 0):
 garbage-first heap   total 37888K, used 26062K [0x00000000c9c00000, 0x0000000100000000)
  region size 1024K, 21 young (21504K), 3 survivors (3072K)
 Metaspace       used 26009K, committed 26368K, reserved 1114112K
  class space    used 2895K, committed 3072K, reserved 1048576K
}
Event: 9.623 GC heap after
{Heap after GC invocations=6 (full 0):
 garbage-first heap   total 37888K, used 10640K [0x00000000c9c00000, 0x0000000100000000)
  region size 1024K, 2 young (2048K), 2 survivors (2048K)
 Metaspace       used 26009K, committed 26368K, reserved 1114112K
  class space    used 2895K, committed 3072K, reserved 1048576K
}
Event: 9.688 GC heap before
{Heap before GC invocations=6 (full 0):
 garbage-first heap   total 37888K, used 11664K [0x00000000c9c00000, 0x0000000100000000)
  region size 1024K, 3 young (3072K), 2 survivors (2048K)
 Metaspace       used 26267K, committed 26624K, reserved 1114112K
  class space    used 2925K, committed 3136K, reserved 1048576K
}
Event: 9.695 GC heap after
{Heap after GC invocations=7 (full 0):
 garbage-first heap   total 37888K, used 10737K [0x00000000c9c00000, 0x0000000100000000)
  region size 1024K, 1 young (1024K), 1 survivors (1024K)
 Metaspace       used 26267K, committed 26624K, reserved 1114112K
  class space    used 2925K, committed 3136K, reserved 1048576K
}
Event: 21.114 GC heap before
{Heap before GC invocations=7 (full 0):
 garbage-first heap   total 37888K, used 23025K [0x00000000c9c00000, 0x0000000100000000)
  region size 1024K, 14 young (14336K), 1 survivors (1024K)
 Metaspace       used 28918K, committed 29248K, reserved 1114112K
  class space    used 3240K, committed 3392K, reserved 1048576K
}
Event: 21.117 GC heap after
{Heap after GC invocations=8 (full 0):
 garbage-first heap   total 37888K, used 11533K [0x00000000c9c00000, 0x0000000100000000)
  region size 1024K, 2 young (2048K), 2 survivors (2048K)
 Metaspace       used 28918K, committed 29248K, reserved 1114112K
  class space    used 3240K, committed 3392K, reserved 1048576K
}
Event: 21.960 GC heap before
{Heap before GC invocations=8 (full 0):
 garbage-first heap   total 37888K, used 24845K [0x00000000c9c00000, 0x0000000100000000)
  region size 1024K, 15 young (15360K), 2 survivors (2048K)
 Metaspace       used 31784K, committed 32192K, reserved 1114112K
  class space    used 3562K, committed 3776K, reserved 1048576K
}
Event: 21.964 GC heap after
{Heap after GC invocations=9 (full 0):
 garbage-first heap   total 37888K, used 12985K [0x00000000c9c00000, 0x0000000100000000)
  region size 1024K, 2 young (2048K), 2 survivors (2048K)
 Metaspace       used 31784K, committed 32192K, reserved 1114112K
  class space    used 3562K, committed 3776K, reserved 1048576K
}
Event: 22.747 GC heap before
{Heap before GC invocations=9 (full 0):
 garbage-first heap   total 37888K, used 25273K [0x00000000c9c00000, 0x0000000100000000)
  region size 1024K, 14 young (14336K), 2 survivors (2048K)
 Metaspace       used 34045K, committed 34368K, reserved 1114112K
  class space    used 3874K, committed 4032K, reserved 1048576K
}
Event: 22.751 GC heap after
{Heap after GC invocations=10 (full 0):
 garbage-first heap   total 37888K, used 13611K [0x00000000c9c00000, 0x0000000100000000)
  region size 1024K, 1 young (1024K), 1 survivors (1024K)
 Metaspace       used 34045K, committed 34368K, reserved 1114112K
  class space    used 3874K, committed 4032K, reserved 1048576K
}
Event: 25.679 GC heap before
{Heap before GC invocations=10 (full 0):
 garbage-first heap   total 37888K, used 25899K [0x00000000c9c00000, 0x0000000100000000)
  region size 1024K, 14 young (14336K), 1 survivors (1024K)
 Metaspace       used 34482K, committed 34816K, reserved 1114112K
  class space    used 3880K, committed 4032K, reserved 1048576K
}
Event: 25.681 GC heap after
{Heap after GC invocations=11 (full 0):
 garbage-first heap   total 37888K, used 13811K [0x00000000c9c00000, 0x0000000100000000)
  region size 1024K, 1 young (1024K), 1 survivors (1024K)
 Metaspace       used 34482K, committed 34816K, reserved 1114112K
  class space    used 3880K, committed 4032K, reserved 1048576K
}
Event: 28.621 GC heap before
{Heap before GC invocations=11 (full 0):
 garbage-first heap   total 37888K, used 28147K [0x00000000c9c00000, 0x0000000100000000)
  region size 1024K, 15 young (15360K), 1 survivors (1024K)
 Metaspace       used 34821K, committed 35200K, reserved 1114112K
  class space    used 3880K, committed 4032K, reserved 1048576K
}
Event: 28.625 GC heap after
{Heap after GC invocations=12 (full 0):
 garbage-first heap   total 37888K, used 13652K [0x00000000c9c00000, 0x0000000100000000)
  region size 1024K, 1 young (1024K), 1 survivors (1024K)
 Metaspace       used 34821K, committed 35200K, reserved 1114112K
  class space    used 3880K, committed 4032K, reserved 1048576K
}

