# JRE version: OpenJDK Runtime Environment Temurin-17.0.7+7 (17.0.7+7) (build 17.0.7+7)
# Java VM: OpenJDK 64-Bit Server VM Temurin-17.0.7+7 (17.0.7+7, mixed mode, tiered, compressed oops, compressed class ptrs, g1 gc, windows-amd64)
GC Precious Log:
 CPUs: 4 total, 4 available
 Memory: 3470M
 Large Page Support: Disabled
 NUMA Support: Disabled
 Compressed Oops: Enabled (32-bit)
 Heap Region Size: 1M
 Heap Min Capacity: 8M
 Heap Initial Capacity: 56M
 Heap Max Capacity: 868M
 Pre-touch: Disabled
 Parallel Workers: 4
 Concurrent Workers: 1
 Concurrent Refinement Workers: 4
 Periodic GC: Disabled
Heap:
 garbage-first heap   total 40960K, used 24263K [0x00000000c9c00000, 0x0000000100000000)
  region size 1024K, 16 young (16384K), 2 survivors (2048K)
 Metaspace       used 29000K, committed 29312K, reserved 1114112K
  class space    used 3240K, committed 3392K, reserved 1048576K
GC Heap History (10 events):
Event: 1.145 GC heap before
{Heap before GC invocations=0 (full 0):
 garbage-first heap   total 57344K, used 14336K [0x00000000c9c00000, 0x0000000100000000)
  region size 1024K, 13 young (13312K), 0 survivors (0K)
 Metaspace       used 12108K, committed 12288K, reserved 1114112K
  class space    used 1132K, committed 1216K, reserved 1048576K
}
Event: 1.159 GC heap after
{Heap after GC invocations=1 (full 0):
 garbage-first heap   total 57344K, used 6752K [0x00000000c9c00000, 0x0000000100000000)
  region size 1024K, 2 young (2048K), 2 survivors (2048K)
 Metaspace       used 12108K, committed 12288K, reserved 1114112K
  class space    used 1132K, committed 1216K, reserved 1048576K
}
Event: 1.575 GC heap before
{Heap before GC invocations=1 (full 0):
 garbage-first heap   total 57344K, used 13920K [0x00000000c9c00000, 0x0000000100000000)
  region size 1024K, 9 young (9216K), 2 survivors (2048K)
 Metaspace       used 14306K, committed 14528K, reserved 1114112K
  class space    used 1387K, committed 1472K, reserved 1048576K
}
Event: 1.580 GC heap after
{Heap after GC invocations=2 (full 0):
 garbage-first heap   total 57344K, used 7256K [0x00000000c9c00000, 0x0000000100000000)
  region size 1024K, 1 young (1024K), 1 survivors (1024K)
 Metaspace       used 14306K, committed 14528K, reserved 1114112K
  class space    used 1387K, committed 1472K, reserved 1048576K
}
Event: 3.275 GC heap before
{Heap before GC invocations=2 (full 0):
 garbage-first heap   total 57344K, used 25688K [0x00000000c9c00000, 0x0000000100000000)
  region size 1024K, 19 young (19456K), 1 survivors (1024K)
 Metaspace       used 20354K, committed 20672K, reserved 1114112K
  class space    used 2133K, committed 2304K, reserved 1048576K
}
Event: 3.284 GC heap after
{Heap after GC invocations=3 (full 0):
 garbage-first heap   total 57344K, used 9008K [0x00000000c9c00000, 0x0000000100000000)
  region size 1024K, 3 young (3072K), 3 survivors (3072K)
 Metaspace       used 20354K, committed 20672K, reserved 1114112K
  class space    used 2133K, committed 2304K, reserved 1048576K
}
Event: 3.415 GC heap before
{Heap before GC invocations=3 (full 0):
 garbage-first heap   total 57344K, used 11056K [0x00000000c9c00000, 0x0000000100000000)
  region size 1024K, 7 young (7168K), 3 survivors (3072K)
 Metaspace       used 21221K, committed 21504K, reserved 1114112K
  class space    used 2222K, committed 2368K, reserved 1048576K
}
Event: 3.422 GC heap after
{Heap after GC invocations=4 (full 0):
 garbage-first heap   total 57344K, used 9607K [0x00000000c9c00000, 0x0000000100000000)
  region size 1024K, 3 young (3072K), 3 survivors (3072K)
 Metaspace       used 21221K, committed 21504K, reserved 1114112K
  class space    used 2222K, committed 2368K, reserved 1048576K
}
Event: 10.432 GC heap before
{Heap before GC invocations=5 (full 0):
 garbage-first heap   total 40960K, used 28039K [0x00000000c9c00000, 0x0000000100000000)
  region size 1024K, 23 young (23552K), 3 survivors (3072K)
 Metaspace       used 26254K, committed 26560K, reserved 1114112K
  class space    used 2921K, committed 3072K, reserved 1048576K
}
Event: 10.443 GC heap after
{Heap after GC invocations=6 (full 0):
 garbage-first heap   total 40960K, used 10951K [0x00000000c9c00000, 0x0000000100000000)
  region size 1024K, 2 young (2048K), 2 survivors (2048K)
 Metaspace       used 26254K, committed 26560K, reserved 1114112K
  class space    used 2921K, committed 3072K, reserved 1048576K
}

